\BOOKMARK [0][-]{chapter.1}{Introduction}{}% 1
\BOOKMARK [1][-]{section.1.1}{Document Purpose}{chapter.1}% 2
\BOOKMARK [1][-]{section.1.2}{Project Scope}{chapter.1}% 3
\BOOKMARK [1][-]{section.1.3}{Intended Audience and Document Overview}{chapter.1}% 4
\BOOKMARK [1][-]{section.1.4}{Definitions, Acronyms and Abbreviations}{chapter.1}% 5
\BOOKMARK [1][-]{section.1.5}{Document Conventions}{chapter.1}% 6
\BOOKMARK [1][-]{section.1.6}{References and Acknowledgments}{chapter.1}% 7
\BOOKMARK [0][-]{chapter.2}{Overall Description}{}% 8
\BOOKMARK [1][-]{section.2.1}{Product Perspective}{chapter.2}% 9
\BOOKMARK [1][-]{section.2.2}{Product Functionality}{chapter.2}% 10
\BOOKMARK [1][-]{section.2.3}{Users and Characteristics}{chapter.2}% 11
\BOOKMARK [1][-]{section.2.4}{Operating Environment}{chapter.2}% 12
\BOOKMARK [1][-]{section.2.5}{Design and Implementation Constraints}{chapter.2}% 13
\BOOKMARK [1][-]{section.2.6}{User Documentation}{chapter.2}% 14
\BOOKMARK [1][-]{section.2.7}{Assumptions and Dependencies}{chapter.2}% 15
\BOOKMARK [0][-]{chapter.3}{Specific Requirements}{}% 16
\BOOKMARK [1][-]{section.3.1}{External Interface Requirements}{chapter.3}% 17
\BOOKMARK [2][-]{subsection.3.1.1}{User Interfaces}{section.3.1}% 18
\BOOKMARK [2][-]{subsection.3.1.2}{Hardware Interfaces}{section.3.1}% 19
\BOOKMARK [2][-]{subsection.3.1.3}{Software Interfaces}{section.3.1}% 20
\BOOKMARK [2][-]{subsection.3.1.4}{Communications Interfaces}{section.3.1}% 21
\BOOKMARK [1][-]{section.3.2}{Functional Requirements}{chapter.3}% 22
\BOOKMARK [1][-]{section.3.3}{Behaviour Requirements}{chapter.3}% 23
\BOOKMARK [0][-]{chapter.4}{Other Non-Functional Requirements}{}% 24
\BOOKMARK [1][-]{section.4.1}{Performance Requirements}{chapter.4}% 25
\BOOKMARK [1][-]{section.4.2}{Safety and Security Requirements}{chapter.4}% 26
\BOOKMARK [1][-]{section.4.3}{Software Quality Attributes}{chapter.4}% 27
\BOOKMARK [0][-]{chapter.5}{Other Requirements}{}% 28
\BOOKMARK [0][-]{Appendix.a.A}{Appendix Data Dictionary}{}% 29
\BOOKMARK [0][-]{Appendix.a.B}{Appendix Group Log}{}% 30
