\BOOKMARK [0][-]{chapter.1}{Introduction}{}% 1
\BOOKMARK [1][-]{section.1.1}{Project Overview}{chapter.1}% 2
\BOOKMARK [1][-]{section.1.2}{Definitions, Acronyms And Abbreviations}{chapter.1}% 3
\BOOKMARK [1][-]{section.1.3}{References And Acknowledgments}{chapter.1}% 4
\BOOKMARK [0][-]{chapter.2}{Design}{}% 5
\BOOKMARK [1][-]{section.2.1}{System Modeling}{chapter.2}% 6
\BOOKMARK [1][-]{section.2.2}{Interface Design}{chapter.2}% 7
\BOOKMARK [2][-]{subsection.2.2.1}{Login}{section.2.2}% 8
\BOOKMARK [2][-]{subsection.2.2.2}{Main App}{section.2.2}% 9
\BOOKMARK [2][-]{subsection.2.2.3}{Create Entry}{section.2.2}% 10
\BOOKMARK [2][-]{subsection.2.2.4}{Generate Password}{section.2.2}% 11
\BOOKMARK [0][-]{chapter.3}{Implementation}{}% 12
\BOOKMARK [1][-]{section.3.1}{Development Environment}{chapter.3}% 13
\BOOKMARK [1][-]{section.3.2}{Task Distribution}{chapter.3}% 14
\BOOKMARK [2][-]{subsection.3.2.1}{Colton King}{section.3.2}% 15
\BOOKMARK [2][-]{subsection.3.2.2}{Grant Wade}{section.3.2}% 16
\BOOKMARK [2][-]{subsection.3.2.3}{Robby Boney}{section.3.2}% 17
\BOOKMARK [2][-]{subsection.3.2.4}{Rob Wooner}{section.3.2}% 18
\BOOKMARK [1][-]{section.3.3}{Challenges}{chapter.3}% 19
\BOOKMARK [0][-]{chapter.4}{Testing}{}% 20
\BOOKMARK [1][-]{section.4.1}{Testing Plan}{chapter.4}% 21
\BOOKMARK [1][-]{section.4.2}{Tests For Functional Requirements}{chapter.4}% 22
\BOOKMARK [2][-]{subsection.4.2.1}{Generate Secure Passwords}{section.4.2}% 23
\BOOKMARK [2][-]{subsection.4.2.2}{Authenticate User to Decrypt Passwords}{section.4.2}% 24
\BOOKMARK [2][-]{subsection.4.2.3}{Generate a Vault on First Run of Software}{section.4.2}% 25
\BOOKMARK [2][-]{subsection.4.2.4}{Search Through Passwords}{section.4.2}% 26
\BOOKMARK [2][-]{subsection.4.2.5}{Creation of New Entries}{section.4.2}% 27
\BOOKMARK [2][-]{subsection.4.2.6}{Syncing Users Vaults Between Computers}{section.4.2}% 28
\BOOKMARK [1][-]{section.4.3}{Tests For Non-Functional Requirements}{chapter.4}% 29
\BOOKMARK [1][-]{section.4.4}{Hardware And Software Requirements}{chapter.4}% 30
\BOOKMARK [0][-]{chapter.5}{Analysis}{}% 31
\BOOKMARK [0][-]{chapter.6}{Conclusion}{}% 32
\BOOKMARK [0][-]{Appendix.a.A}{Appendix Group Log}{}% 33
